<?xml version="1.0" encoding="UTF-8"?>
<!-- Generated by org.testng.reporters.JUnitReportReporter -->
<testsuite skipped="0" hostname="INNO1-6780" name="com.crm.qa.testcases.ServetelTest" tests="5" failures="0" timestamp="14 Feb 2021 18:03:36 GMT" time="117.079" errors="0">
  <testcase name="verifyHomePageTitleTest" time="14.986" classname="com.crm.qa.testcases.ServetelTest"/>
  <testcase name="createandUploadRecording" time="22.247" classname="com.crm.qa.testcases.ServetelTest"/>
  <testcase name="addAgentUsingPost" time="38.601" classname="com.crm.qa.testcases.ServetelTest"/>
  <testcase name="CreateAutoAttendent" time="22.352" classname="com.crm.qa.testcases.ServetelTest"/>
  <testcase name="AssignAutoattendentToNumber" time="18.893" classname="com.crm.qa.testcases.ServetelTest"/>
</testsuite> <!-- com.crm.qa.testcases.ServetelTest -->
